[debug] [2018-03-08T12:26:10.145Z] ----------------------------------------------------------------------
[debug] [2018-03-08T12:26:10.147Z] Command:       C:\Program Files\nodejs\node.exe C:\Users\Juan David Lopez\AppData\Roaming\npm\node_modules\firebase-tools\bin\firebase deploy
[debug] [2018-03-08T12:26:10.147Z] CLI Version:   3.17.4
[debug] [2018-03-08T12:26:10.147Z] Platform:      win32
[debug] [2018-03-08T12:26:10.147Z] Node Version:  v9.5.0
[debug] [2018-03-08T12:26:10.148Z] Time:          Thu Mar 08 2018 07:26:10 GMT-0500 (Hora est. Pacífico, Sudamérica)
[debug] [2018-03-08T12:26:10.148Z] ----------------------------------------------------------------------
[debug] 
[warn] !  "firebase" key in firebase.json is deprecated. Run firebase use --add instead
[warn] !  Deprecation Warning: Firebase Hosting configuration should be moved under "hosting" key.
[debug] [2018-03-08T12:26:10.159Z] > command requires scopes: ["email","openid","https://www.googleapis.com/auth/cloudplatformprojects.readonly","https://www.googleapis.com/auth/firebase","https://www.googleapis.com/auth/cloud-platform"]
[debug] [2018-03-08T12:26:10.160Z] > authorizing via signed-in user
[debug] [2018-03-08T12:26:10.162Z] >>> HTTP REQUEST GET https://admin.firebase.com/v1/projects/item-a2388  
  
 Thu Mar 08 2018 07:26:10 GMT-0500 (Hora est. Pacífico, Sudamérica)
[debug] [2018-03-08T12:26:11.030Z] <<< HTTP RESPONSE 200
[debug] [2018-03-08T12:26:11.030Z] >>> HTTP REQUEST GET https://admin.firebase.com/v1/database/item-a2388/tokens  
  
 Thu Mar 08 2018 07:26:11 GMT-0500 (Hora est. Pacífico, Sudamérica)
[debug] [2018-03-08T12:26:11.632Z] <<< HTTP RESPONSE 200
[info] 
[info] === Deploying to 'item-a2388'...
[info] 
[info] i  deploying hosting
[info] i  hosting: preparing dist directory for upload...
[debug] [2018-03-08T12:26:13.931Z] >>> HTTP REQUEST PUT https://deploy.firebase.com/v1/hosting/item-a2388/uploads/-L74Zrm-EFQFNjBZxRVi?fileCount=16&message=  
  
 Thu Mar 08 2018 07:26:13 GMT-0500 (Hora est. Pacífico, Sudamérica)
